
Circuit 1 cell sky130_fd_pr__nfet_01v8 and Circuit 2 cell sky130_fd_pr__nfet_01v8 are black boxes.
Equate elements:  no current cell.
Device classes sky130_fd_pr__nfet_01v8 and sky130_fd_pr__nfet_01v8 are equivalent.

Circuit 1 cell sky130_fd_pr__pfet_01v8 and Circuit 2 cell sky130_fd_pr__pfet_01v8 are black boxes.
Equate elements:  no current cell.
Device classes sky130_fd_pr__pfet_01v8 and sky130_fd_pr__pfet_01v8 are equivalent.
Flattening unmatched subcell fcda in circuit layout/all.spice (1)(1 instance)
Flattening unmatched subcell bias in circuit layout/all.spice (1)(1 instance)

Class overall.spice (0):  Merged 15 parallel devices.
Subcircuit summary:
Circuit 1: overall.spice                   |Circuit 2: layout/all.spice                
-------------------------------------------|-------------------------------------------
sky130_fd_pr__nfet_01v8 (42->34)           |sky130_fd_pr__nfet_01v8 (46->34)           
sky130_fd_pr__pfet_01v8 (34->27)           |sky130_fd_pr__pfet_01v8 (34->27)           
Number of devices: 61                      |Number of devices: 61                      
Number of nets: 48                         |Number of nets: 48                         
---------------------------------------------------------------------------------------
Resolving symmetries by property value.
Resolving symmetries by pin name.
Netlists match uniquely.
Cells have no pins;  pin matching not needed.
Device classes overall.spice and layout/all.spice are equivalent.

Final result: Circuits match uniquely.
.
